Ruby 1.9.3-p484 using Rake
TIME: 14:43:00 %MEM RSS TIME 0.1 20872 0:00.31
TIME: 14:44:00 %MEM RSS TIME 0.1 20924 0:00.34
TIME: 14:45:00 %MEM RSS TIME 0.1 20944 0:00.37
TIME: 14:46:00 %MEM RSS TIME 0.1 20952 0:00.39
TIME: 14:47:00 %MEM RSS TIME 0.1 20964 0:00.42
TIME: 14:48:01 %MEM RSS TIME 0.1 20972 0:00.45
TIME: 14:49:00 %MEM RSS TIME 0.1 20972 0:00.47
TIME: 14:50:00 %MEM RSS TIME 0.1 20980 0:00.50
TIME: 14:51:00 %MEM RSS TIME 0.1 20980 0:00.53
TIME: 14:52:00 %MEM RSS TIME 0.1 20980 0:00.55
Ruby 1.9.3-p484 using Inline
TIME: 14:54:00 %MEM RSS TIME 0.1 19912 0:00.30
TIME: 14:55:00 %MEM RSS TIME 2.4 408432 0:02.30
TIME: 14:56:00 %MEM RSS TIME 4.7 796384 0:04.45
TIME: 14:57:00 %MEM RSS TIME 7.0 1171080 0:06.51
TIME: 14:58:01 %MEM RSS TIME 9.3 1551920 0:08.69
TIME: 14:59:00 %MEM RSS TIME 11.5 1921996 0:10.84
TIME: 15:00:00 %MEM RSS TIME 14.0 2344388 0:13.33
TIME: 15:01:00 %MEM RSS TIME 16.3 2731256 0:15.59
TIME: 15:02:00 %MEM RSS TIME 18.5 3101292 0:17.71
TIME: 15:03:00 %MEM RSS TIME 21.0 3519624 0:20.25
Ruby 2.0.0-p353 using Inline
TIME: 15:05:00 %MEM RSS TIME 0.2 26580 0:00.38
TIME: 15:06:00 %MEM RSS TIME 2.5 418268 0:02.15
TIME: 15:07:01 %MEM RSS TIME 4.8 813528 0:03.92
TIME: 15:08:00 %MEM RSS TIME 7.3 1223448 0:05.77
TIME: 15:09:00 %MEM RSS TIME 9.5 1593944 0:07.57
TIME: 15:10:00 %MEM RSS TIME 11.6 1947388 0:09.23
TIME: 15:11:00 %MEM RSS TIME 13.9 2334216 0:11.05
TIME: 15:12:00 %MEM RSS TIME 16.2 2715548 0:12.92
TIME: 15:13:00 %MEM RSS TIME 18.7 3141796 0:14.98
TIME: 15:14:00 %MEM RSS TIME 20.9 3510936 0:16.76
Ruby 2.1.0 using Inline
TIME: 15:19:00 %MEM RSS TIME 0.2 29740 0:00.32
TIME: 15:20:00 %MEM RSS TIME 2.6 441720 0:01.60
TIME: 15:21:00 %MEM RSS TIME 4.8 813460 0:02.78
TIME: 15:22:00 %MEM RSS TIME 6.9 1165956 0:04.05
TIME: 15:23:00 %MEM RSS TIME 9.5 1600764 0:05.51
TIME: 15:24:00 %MEM RSS TIME 11.9 1988140 0:06.93
TIME: 15:25:00 %MEM RSS TIME 14.2 2387728 0:08.25
TIME: 15:26:01 %MEM RSS TIME 16.5 2768424 0:09.63
TIME: 15:27:00 %MEM RSS TIME 18.7 3132304 0:10.96
TIME: 15:28:00 %MEM RSS TIME 20.8 3491772 0:12.26
Ruby 2.1.0 using Rake
TIME: 15:29:00 %MEM RSS TIME 0.2 28068 0:00.33
TIME: 15:30:00 %MEM RSS TIME 0.2 28076 0:00.34
TIME: 15:31:00 %MEM RSS TIME 0.2 28104 0:00.35
TIME: 15:32:00 %MEM RSS TIME 0.2 28112 0:00.37
TIME: 15:33:00 %MEM RSS TIME 0.2 28120 0:00.38
TIME: 15:34:00 %MEM RSS TIME 0.2 28144 0:00.40
TIME: 15:35:01 %MEM RSS TIME 0.2 28156 0:00.41
TIME: 15:36:00 %MEM RSS TIME 0.2 28172 0:00.42
TIME: 15:37:00 %MEM RSS TIME 0.2 28200 0:00.44
TIME: 15:38:00 %MEM RSS TIME 0.2 28232 0:00.45
Ruby 2.0.0-p353 using Rake
TIME: 15:39:00 %MEM RSS TIME 0.2 26616 0:00.40
TIME: 15:40:00 %MEM RSS TIME 0.2 26660 0:00.42
TIME: 15:41:00 %MEM RSS TIME 0.2 26676 0:00.43
TIME: 15:42:00 %MEM RSS TIME 0.2 26680 0:00.45
TIME: 15:43:00 %MEM RSS TIME 0.2 26684 0:00.48
TIME: 15:44:00 %MEM RSS TIME 0.2 26692 0:00.51
TIME: 15:45:01 %MEM RSS TIME 0.2 26700 0:00.54
TIME: 15:46:00 %MEM RSS TIME 0.2 26704 0:00.56
TIME: 15:47:00 %MEM RSS TIME 0.2 26716 0:00.59
TIME: 15:48:00 %MEM RSS TIME 0.2 26740 0:00.62
