# Logfile created on 2013-12-27 11:02:09 -0600 by logger.rb/31641
I, [2013-12-27T11:02:09.110131 #67014]  INFO -- : 0:  rake (10.1.1) from /Users/Ian/.rbenv/versions/1.9.3-p484/lib/ruby/gems/1.9.1/specifications/rake-10.1.1.gemspec
I, [2013-12-27T11:02:10.133508 #67014]  INFO -- : 0:  multi_json (1.8.2) from /Users/Ian/.rbenv/versions/1.9.3-p484/lib/ruby/gems/1.9.1/specifications/multi_json-1.8.2.gemspec
I, [2013-12-27T11:02:11.906317 #67014]  INFO -- : 0:  activesupport (3.1.12) from /Users/Ian/.rbenv/versions/1.9.3-p484/lib/ruby/gems/1.9.1/specifications/activesupport-3.1.12.gemspec
I, [2013-12-27T11:02:13.799422 #67014]  INFO -- : 0:  atomic (1.1.14) from /Users/Ian/.rbenv/versions/1.9.3-p484/lib/ruby/gems/1.9.1/specifications/atomic-1.1.14.gemspec
I, [2013-12-27T11:02:24.718385 #67014]  INFO -- : 0:  eventmachine (1.0.3) from /Users/Ian/.rbenv/versions/1.9.3-p484/lib/ruby/gems/1.9.1/specifications/eventmachine-1.0.3.gemspec
I, [2013-12-27T11:02:25.811477 #67014]  INFO -- : 0:  i18n (0.6.9) from /Users/Ian/.rbenv/versions/1.9.3-p484/lib/ruby/gems/1.9.1/specifications/i18n-0.6.9.gemspec
I, [2013-12-27T11:02:26.493181 #67014]  INFO -- : 0:  rubigen (1.5.8) from /Users/Ian/.rbenv/versions/1.9.3-p484/lib/ruby/gems/1.9.1/specifications/rubigen-1.5.8.gemspec
I, [2013-12-27T11:02:26.998201 #67014]  INFO -- : 0:  safely (0.3.2) from /Users/Ian/.rbenv/versions/1.9.3-p484/lib/ruby/gems/1.9.1/specifications/safely-0.3.2.gemspec
I, [2013-12-27T11:02:28.060450 #67014]  INFO -- : 0:  thor (0.18.1) from /Users/Ian/.rbenv/versions/1.9.3-p484/lib/ruby/gems/1.9.1/specifications/thor-0.18.1.gemspec
I, [2013-12-27T11:02:29.167964 #67014]  INFO -- : 0:  daemon-kit (0.2.3) from /Users/Ian/.rbenv/versions/1.9.3-p484/lib/ruby/gems/1.9.1/specifications/daemon-kit-0.2.3.gemspec
I, [2013-12-27T11:02:29.797314 #67014]  INFO -- : 0:  diff-lcs (1.2.5) from /Users/Ian/.rbenv/versions/1.9.3-p484/lib/ruby/gems/1.9.1/specifications/diff-lcs-1.2.5.gemspec
I, [2013-12-27T11:02:31.248286 #67014]  INFO -- : 0:  rspec-core (2.14.7) from /Users/Ian/.rbenv/versions/1.9.3-p484/lib/ruby/gems/1.9.1/specifications/rspec-core-2.14.7.gemspec
I, [2013-12-27T11:02:31.991344 #67014]  INFO -- : 0:  rspec-expectations (2.14.4) from /Users/Ian/.rbenv/versions/1.9.3-p484/lib/ruby/gems/1.9.1/specifications/rspec-expectations-2.14.4.gemspec
I, [2013-12-27T11:02:33.167067 #67014]  INFO -- : 0:  rspec-mocks (2.14.4) from /Users/Ian/.rbenv/versions/1.9.3-p484/lib/ruby/gems/1.9.1/specifications/rspec-mocks-2.14.4.gemspec
I, [2013-12-27T11:02:33.670637 #67014]  INFO -- : 0:  rspec (2.14.1) from /Users/Ian/.rbenv/versions/1.9.3-p484/lib/ruby/gems/1.9.1/specifications/rspec-2.14.1.gemspec
I, [2013-12-27T11:02:34.788691 #67014]  INFO -- : 0:  thread_safe (0.1.3) from /Users/Ian/.rbenv/versions/1.9.3-p484/lib/ruby/gems/1.9.1/specifications/thread_safe-0.1.3.gemspec
I, [2013-12-27T11:02:35.935623 #67014]  INFO -- : 0:  tzinfo (1.1.0) from /Users/Ian/.rbenv/versions/1.9.3-p484/lib/ruby/gems/1.9.1/specifications/tzinfo-1.1.0.gemspec
I, [2013-12-27T11:02:36.914148 #67014]  INFO -- : 0:  rufus-scheduler (3.0.3) from /Users/Ian/.rbenv/versions/1.9.3-p484/lib/ruby/gems/1.9.1/specifications/rufus-scheduler-3.0.3.gemspec
I, [2013-12-27T11:02:36.914592 #67014]  INFO -- : 0:  bundler (1.5.0) from /Users/Ian/.rbenv/versions/1.9.3-p484/lib/ruby/gems/1.9.1/specifications/bundler-1.5.0.gemspec
I, [2013-12-27T11:03:37.009013 #67458]  INFO -- : 0:  rake (10.1.1) from /Users/Ian/.rbenv/versions/1.9.3-p484/lib/ruby/gems/1.9.1/specifications/rake-10.1.1.gemspec
I, [2013-12-27T11:03:37.009448 #67458]  INFO -- : 0:  multi_json (1.8.2) from /Users/Ian/.rbenv/versions/1.9.3-p484/lib/ruby/gems/1.9.1/specifications/multi_json-1.8.2.gemspec
I, [2013-12-27T11:03:37.009751 #67458]  INFO -- : 0:  activesupport (3.1.12) from /Users/Ian/.rbenv/versions/1.9.3-p484/lib/ruby/gems/1.9.1/specifications/activesupport-3.1.12.gemspec
I, [2013-12-27T11:03:37.010045 #67458]  INFO -- : 0:  atomic (1.1.14) from /Users/Ian/.rbenv/versions/1.9.3-p484/lib/ruby/gems/1.9.1/specifications/atomic-1.1.14.gemspec
I, [2013-12-27T11:03:37.010335 #67458]  INFO -- : 0:  eventmachine (1.0.3) from /Users/Ian/.rbenv/versions/1.9.3-p484/lib/ruby/gems/1.9.1/specifications/eventmachine-1.0.3.gemspec
I, [2013-12-27T11:03:37.010641 #67458]  INFO -- : 0:  i18n (0.6.9) from /Users/Ian/.rbenv/versions/1.9.3-p484/lib/ruby/gems/1.9.1/specifications/i18n-0.6.9.gemspec
I, [2013-12-27T11:03:37.010928 #67458]  INFO -- : 0:  rubigen (1.5.8) from /Users/Ian/.rbenv/versions/1.9.3-p484/lib/ruby/gems/1.9.1/specifications/rubigen-1.5.8.gemspec
I, [2013-12-27T11:03:37.011211 #67458]  INFO -- : 0:  safely (0.3.2) from /Users/Ian/.rbenv/versions/1.9.3-p484/lib/ruby/gems/1.9.1/specifications/safely-0.3.2.gemspec
I, [2013-12-27T11:03:37.011495 #67458]  INFO -- : 0:  thor (0.18.1) from /Users/Ian/.rbenv/versions/1.9.3-p484/lib/ruby/gems/1.9.1/specifications/thor-0.18.1.gemspec
I, [2013-12-27T11:03:37.011778 #67458]  INFO -- : 0:  daemon-kit (0.2.3) from /Users/Ian/.rbenv/versions/1.9.3-p484/lib/ruby/gems/1.9.1/specifications/daemon-kit-0.2.3.gemspec
I, [2013-12-27T11:03:37.012059 #67458]  INFO -- : 0:  diff-lcs (1.2.5) from /Users/Ian/.rbenv/versions/1.9.3-p484/lib/ruby/gems/1.9.1/specifications/diff-lcs-1.2.5.gemspec
I, [2013-12-27T11:03:37.012339 #67458]  INFO -- : 0:  rspec-core (2.14.7) from /Users/Ian/.rbenv/versions/1.9.3-p484/lib/ruby/gems/1.9.1/specifications/rspec-core-2.14.7.gemspec
I, [2013-12-27T11:03:37.012620 #67458]  INFO -- : 0:  rspec-expectations (2.14.4) from /Users/Ian/.rbenv/versions/1.9.3-p484/lib/ruby/gems/1.9.1/specifications/rspec-expectations-2.14.4.gemspec
I, [2013-12-27T11:03:37.012900 #67458]  INFO -- : 0:  rspec-mocks (2.14.4) from /Users/Ian/.rbenv/versions/1.9.3-p484/lib/ruby/gems/1.9.1/specifications/rspec-mocks-2.14.4.gemspec
I, [2013-12-27T11:03:37.013180 #67458]  INFO -- : 0:  rspec (2.14.1) from /Users/Ian/.rbenv/versions/1.9.3-p484/lib/ruby/gems/1.9.1/specifications/rspec-2.14.1.gemspec
I, [2013-12-27T11:03:37.013456 #67458]  INFO -- : 0:  thread_safe (0.1.3) from /Users/Ian/.rbenv/versions/1.9.3-p484/lib/ruby/gems/1.9.1/specifications/thread_safe-0.1.3.gemspec
I, [2013-12-27T11:03:37.013734 #67458]  INFO -- : 0:  tzinfo (1.1.0) from /Users/Ian/.rbenv/versions/1.9.3-p484/lib/ruby/gems/1.9.1/specifications/tzinfo-1.1.0.gemspec
I, [2013-12-27T11:03:38.289638 #67458]  INFO -- : 0:  rufus-scheduler (2.0.24) from /Users/Ian/.rbenv/versions/1.9.3-p484/lib/ruby/gems/1.9.1/specifications/rufus-scheduler-2.0.24.gemspec
I, [2013-12-27T11:03:38.290088 #67458]  INFO -- : 0:  bundler (1.5.0) from /Users/Ian/.rbenv/versions/1.9.3-p484/lib/ruby/gems/1.9.1/specifications/bundler-1.5.0.gemspec
I, [2013-12-27T15:16:15.761628 #89954]  INFO -- : 0:  rake (10.1.1) from /Users/Ian/.rbenv/versions/2.1.0/lib/ruby/gems/2.1.0/specifications/rake-10.1.1.gemspec
I, [2013-12-27T15:16:16.782797 #89954]  INFO -- : 0:  multi_json (1.8.2) from /Users/Ian/.rbenv/versions/2.1.0/lib/ruby/gems/2.1.0/specifications/multi_json-1.8.2.gemspec
I, [2013-12-27T15:16:18.701131 #89954]  INFO -- : 0:  activesupport (3.1.12) from /Users/Ian/.rbenv/versions/2.1.0/lib/ruby/gems/2.1.0/specifications/activesupport-3.1.12.gemspec
I, [2013-12-27T15:16:20.383130 #89954]  INFO -- : 0:  atomic (1.1.14) from /Users/Ian/.rbenv/versions/2.1.0/lib/ruby/gems/2.1.0/specifications/atomic-1.1.14.gemspec
I, [2013-12-27T15:16:29.484094 #89954]  INFO -- : 0:  eventmachine (1.0.3) from /Users/Ian/.rbenv/versions/2.1.0/lib/ruby/gems/2.1.0/specifications/eventmachine-1.0.3.gemspec
I, [2013-12-27T15:16:30.518904 #89954]  INFO -- : 0:  i18n (0.6.9) from /Users/Ian/.rbenv/versions/2.1.0/lib/ruby/gems/2.1.0/specifications/i18n-0.6.9.gemspec
I, [2013-12-27T15:16:31.204551 #89954]  INFO -- : 0:  rubigen (1.5.8) from /Users/Ian/.rbenv/versions/2.1.0/lib/ruby/gems/2.1.0/specifications/rubigen-1.5.8.gemspec
I, [2013-12-27T15:16:31.768412 #89954]  INFO -- : 0:  safely (0.3.2) from /Users/Ian/.rbenv/versions/2.1.0/lib/ruby/gems/2.1.0/specifications/safely-0.3.2.gemspec
I, [2013-12-27T15:16:32.818216 #89954]  INFO -- : 0:  thor (0.18.1) from /Users/Ian/.rbenv/versions/2.1.0/lib/ruby/gems/2.1.0/specifications/thor-0.18.1.gemspec
I, [2013-12-27T15:16:34.024864 #89954]  INFO -- : 0:  daemon-kit (0.2.3) from /Users/Ian/.rbenv/versions/2.1.0/lib/ruby/gems/2.1.0/specifications/daemon-kit-0.2.3.gemspec
I, [2013-12-27T15:16:34.667834 #89954]  INFO -- : 0:  diff-lcs (1.2.5) from /Users/Ian/.rbenv/versions/2.1.0/lib/ruby/gems/2.1.0/specifications/diff-lcs-1.2.5.gemspec
I, [2013-12-27T15:16:36.090506 #89954]  INFO -- : 0:  rspec-core (2.14.7) from /Users/Ian/.rbenv/versions/2.1.0/lib/ruby/gems/2.1.0/specifications/rspec-core-2.14.7.gemspec
I, [2013-12-27T15:16:36.805275 #89954]  INFO -- : 0:  rspec-expectations (2.14.4) from /Users/Ian/.rbenv/versions/2.1.0/lib/ruby/gems/2.1.0/specifications/rspec-expectations-2.14.4.gemspec
I, [2013-12-27T15:16:37.885805 #89954]  INFO -- : 0:  rspec-mocks (2.14.4) from /Users/Ian/.rbenv/versions/2.1.0/lib/ruby/gems/2.1.0/specifications/rspec-mocks-2.14.4.gemspec
I, [2013-12-27T15:16:38.482002 #89954]  INFO -- : 0:  rspec (2.14.1) from /Users/Ian/.rbenv/versions/2.1.0/lib/ruby/gems/2.1.0/specifications/rspec-2.14.1.gemspec
I, [2013-12-27T15:16:39.893787 #89954]  INFO -- : 0:  thread_safe (0.1.3) from /Users/Ian/.rbenv/versions/2.1.0/lib/ruby/gems/2.1.0/specifications/thread_safe-0.1.3.gemspec
I, [2013-12-27T15:16:41.027491 #89954]  INFO -- : 0:  tzinfo (1.1.0) from /Users/Ian/.rbenv/versions/2.1.0/lib/ruby/gems/2.1.0/specifications/tzinfo-1.1.0.gemspec
I, [2013-12-27T15:16:42.064708 #89954]  INFO -- : 0:  rufus-scheduler (2.0.24) from /Users/Ian/.rbenv/versions/2.1.0/lib/ruby/gems/2.1.0/specifications/rufus-scheduler-2.0.24.gemspec
I, [2013-12-27T15:16:42.065041 #89954]  INFO -- : 0:  bundler (1.5.0) from /Users/Ian/.rbenv/versions/2.1.0/lib/ruby/gems/2.1.0/specifications/bundler-1.5.0.gemspec
